The system is: Darwin - 18.6.0 - x86_64
Compiling the C compiler identification source file "CMakeCCompilerId.c" succeeded.
Compiler: /Library/Developer/CommandLineTools/usr/bin/cc 
Build flags: 
Id flags:  

The output was:
0


Compilation of the C compiler identification source "CMakeCCompilerId.c" produced "a.out"

The C compiler identification is AppleClang, found in "/Users/michaelselby/Documents/DPhil/miektils/paktep/fitpackpp/CMakeFiles/3.15.4/CompilerIdC/a.out"

Compiling the CXX compiler identification source file "CMakeCXXCompilerId.cpp" succeeded.
Compiler: /Library/Developer/CommandLineTools/usr/bin/c++ 
Build flags: 
Id flags:  

The output was:
0


Compilation of the CXX compiler identification source "CMakeCXXCompilerId.cpp" produced "a.out"

The CXX compiler identification is AppleClang, found in "/Users/michaelselby/Documents/DPhil/miektils/paktep/fitpackpp/CMakeFiles/3.15.4/CompilerIdCXX/a.out"

Determining if the C compiler works passed with the following output:
Change Dir: /Users/michaelselby/Documents/DPhil/miektils/paktep/fitpackpp/CMakeFiles/CMakeTmp

Run Build Command(s):/usr/bin/make cmTC_2650b/fast && /Library/Developer/CommandLineTools/usr/bin/make -f CMakeFiles/cmTC_2650b.dir/build.make CMakeFiles/cmTC_2650b.dir/build
Building C object CMakeFiles/cmTC_2650b.dir/testCCompiler.c.o
/Library/Developer/CommandLineTools/usr/bin/cc   -isysroot /Library/Developer/CommandLineTools/SDKs/MacOSX10.14.sdk   -o CMakeFiles/cmTC_2650b.dir/testCCompiler.c.o   -c /Users/michaelselby/Documents/DPhil/miektils/paktep/fitpackpp/CMakeFiles/CMakeTmp/testCCompiler.c
Linking C executable cmTC_2650b
/usr/local/Cellar/cmake/3.15.4/bin/cmake -E cmake_link_script CMakeFiles/cmTC_2650b.dir/link.txt --verbose=1
/Library/Developer/CommandLineTools/usr/bin/cc   -isysroot /Library/Developer/CommandLineTools/SDKs/MacOSX10.14.sdk -Wl,-search_paths_first -Wl,-headerpad_max_install_names   CMakeFiles/cmTC_2650b.dir/testCCompiler.c.o  -o cmTC_2650b 



Detecting C compiler ABI info compiled with the following output:
Change Dir: /Users/michaelselby/Documents/DPhil/miektils/paktep/fitpackpp/CMakeFiles/CMakeTmp

Run Build Command(s):/usr/bin/make cmTC_41f9b/fast && /Library/Developer/CommandLineTools/usr/bin/make -f CMakeFiles/cmTC_41f9b.dir/build.make CMakeFiles/cmTC_41f9b.dir/build
Building C object CMakeFiles/cmTC_41f9b.dir/CMakeCCompilerABI.c.o
/Library/Developer/CommandLineTools/usr/bin/cc   -isysroot /Library/Developer/CommandLineTools/SDKs/MacOSX10.14.sdk   -v -Wl,-v -o CMakeFiles/cmTC_41f9b.dir/CMakeCCompilerABI.c.o   -c /usr/local/Cellar/cmake/3.15.4/share/cmake/Modules/CMakeCCompilerABI.c
Apple LLVM version 10.0.1 (clang-1001.0.46.4)
Target: x86_64-apple-darwin18.6.0
Thread model: posix
InstalledDir: /Library/Developer/CommandLineTools/usr/bin
clang: warning: -Wl,-v: 'linker' input unused [-Wunused-command-line-argument]
 "/Library/Developer/CommandLineTools/usr/bin/clang" -cc1 -triple x86_64-apple-macosx10.14.0 -Wdeprecated-objc-isa-usage -Werror=deprecated-objc-isa-usage -emit-obj -mrelax-all -disable-free -disable-llvm-verifier -discard-value-names -main-file-name CMakeCCompilerABI.c -mrelocation-model pic -pic-level 2 -mthread-model posix -mdisable-fp-elim -fno-strict-return -masm-verbose -munwind-tables -target-sdk-version=10.14 -target-cpu penryn -dwarf-column-info -debugger-tuning=lldb -target-linker-version 450.3 -v -coverage-notes-file /Users/michaelselby/Documents/DPhil/miektils/paktep/fitpackpp/CMakeFiles/CMakeTmp/CMakeFiles/cmTC_41f9b.dir/CMakeCCompilerABI.c.gcno -resource-dir /Library/Developer/CommandLineTools/usr/lib/clang/10.0.1 -isysroot /Library/Developer/CommandLineTools/SDKs/MacOSX10.14.sdk -Wno-atomic-implicit-seq-cst -Wno-framework-include-private-from-public -Wno-atimport-in-framework-header -Wno-quoted-include-in-framework-header -fdebug-compilation-dir /Users/michaelselby/Documents/DPhil/miektils/paktep/fitpackpp/CMakeFiles/CMakeTmp -ferror-limit 19 -fmessage-length 0 -stack-protector 1 -fblocks -fencode-extended-block-signature -fregister-global-dtors-with-atexit -fobjc-runtime=macosx-10.14.0 -fmax-type-align=16 -fdiagnostics-show-option -o CMakeFiles/cmTC_41f9b.dir/CMakeCCompilerABI.c.o -x c /usr/local/Cellar/cmake/3.15.4/share/cmake/Modules/CMakeCCompilerABI.c
clang -cc1 version 10.0.1 (clang-1001.0.46.4) default target x86_64-apple-darwin18.6.0
ignoring nonexistent directory "/Library/Developer/CommandLineTools/SDKs/MacOSX10.14.sdk/usr/local/include"
ignoring nonexistent directory "/Library/Developer/CommandLineTools/SDKs/MacOSX10.14.sdk/Library/Frameworks"
#include "..." search starts here:
#include <...> search starts here:
 /Library/Developer/CommandLineTools/usr/lib/clang/10.0.1/include
 /Library/Developer/CommandLineTools/usr/include
 /Library/Developer/CommandLineTools/SDKs/MacOSX10.14.sdk/usr/include
 /Library/Developer/CommandLineTools/SDKs/MacOSX10.14.sdk/System/Library/Frameworks (framework directory)
End of search list.
Linking C executable cmTC_41f9b
/usr/local/Cellar/cmake/3.15.4/bin/cmake -E cmake_link_script CMakeFiles/cmTC_41f9b.dir/link.txt --verbose=1
/Library/Developer/CommandLineTools/usr/bin/cc   -isysroot /Library/Developer/CommandLineTools/SDKs/MacOSX10.14.sdk -Wl,-search_paths_first -Wl,-headerpad_max_install_names  -v -Wl,-v CMakeFiles/cmTC_41f9b.dir/CMakeCCompilerABI.c.o  -o cmTC_41f9b 
Apple LLVM version 10.0.1 (clang-1001.0.46.4)
Target: x86_64-apple-darwin18.6.0
Thread model: posix
InstalledDir: /Library/Developer/CommandLineTools/usr/bin
 "/Library/Developer/CommandLineTools/usr/bin/ld" -demangle -lto_library /Library/Developer/CommandLineTools/usr/lib/libLTO.dylib -dynamic -arch x86_64 -macosx_version_min 10.14.0 -syslibroot /Library/Developer/CommandLineTools/SDKs/MacOSX10.14.sdk -o cmTC_41f9b -search_paths_first -headerpad_max_install_names -v CMakeFiles/cmTC_41f9b.dir/CMakeCCompilerABI.c.o -lSystem /Library/Developer/CommandLineTools/usr/lib/clang/10.0.1/lib/darwin/libclang_rt.osx.a
@(#)PROGRAM:ld  PROJECT:ld64-450.3
BUILD 18:16:53 Apr  5 2019
configured to support archs: armv6 armv7 armv7s arm64 arm64e arm64_32 i386 x86_64 x86_64h armv6m armv7k armv7m armv7em
Library search paths:
	/Library/Developer/CommandLineTools/SDKs/MacOSX10.14.sdk/usr/lib
Framework search paths:
	/Library/Developer/CommandLineTools/SDKs/MacOSX10.14.sdk/System/Library/Frameworks/



Parsed C implicit include dir info from above output: rv=done
  found start of include info
  found start of implicit include info
    add: [/Library/Developer/CommandLineTools/usr/lib/clang/10.0.1/include]
    add: [/Library/Developer/CommandLineTools/usr/include]
    add: [/Library/Developer/CommandLineTools/SDKs/MacOSX10.14.sdk/usr/include]
  end of search list found
  collapse include dir [/Library/Developer/CommandLineTools/usr/lib/clang/10.0.1/include] ==> [/Library/Developer/CommandLineTools/usr/lib/clang/10.0.1/include]
  collapse include dir [/Library/Developer/CommandLineTools/usr/include] ==> [/Library/Developer/CommandLineTools/usr/include]
  collapse include dir [/Library/Developer/CommandLineTools/SDKs/MacOSX10.14.sdk/usr/include] ==> [/Library/Developer/CommandLineTools/SDKs/MacOSX10.14.sdk/usr/include]
  implicit include dirs: [/Library/Developer/CommandLineTools/usr/lib/clang/10.0.1/include;/Library/Developer/CommandLineTools/usr/include;/Library/Developer/CommandLineTools/SDKs/MacOSX10.14.sdk/usr/include]


Parsed C implicit link information from above output:
  link line regex: [^( *|.*[/\])(ld|CMAKE_LINK_STARTFILE-NOTFOUND|([^/\]+-)?ld|collect2)[^/\]*( |$)]
  ignore line: [Change Dir: /Users/michaelselby/Documents/DPhil/miektils/paktep/fitpackpp/CMakeFiles/CMakeTmp]
  ignore line: []
  ignore line: [Run Build Command(s):/usr/bin/make cmTC_41f9b/fast && /Library/Developer/CommandLineTools/usr/bin/make -f CMakeFiles/cmTC_41f9b.dir/build.make CMakeFiles/cmTC_41f9b.dir/build]
  ignore line: [Building C object CMakeFiles/cmTC_41f9b.dir/CMakeCCompilerABI.c.o]
  ignore line: [/Library/Developer/CommandLineTools/usr/bin/cc   -isysroot /Library/Developer/CommandLineTools/SDKs/MacOSX10.14.sdk   -v -Wl,-v -o CMakeFiles/cmTC_41f9b.dir/CMakeCCompilerABI.c.o   -c /usr/local/Cellar/cmake/3.15.4/share/cmake/Modules/CMakeCCompilerABI.c]
  ignore line: [Apple LLVM version 10.0.1 (clang-1001.0.46.4)]
  ignore line: [Target: x86_64-apple-darwin18.6.0]
  ignore line: [Thread model: posix]
  ignore line: [InstalledDir: /Library/Developer/CommandLineTools/usr/bin]
  ignore line: [clang: warning: -Wl,-v: 'linker' input unused [-Wunused-command-line-argument]]
  ignore line: [ "/Library/Developer/CommandLineTools/usr/bin/clang" -cc1 -triple x86_64-apple-macosx10.14.0 -Wdeprecated-objc-isa-usage -Werror=deprecated-objc-isa-usage -emit-obj -mrelax-all -disable-free -disable-llvm-verifier -discard-value-names -main-file-name CMakeCCompilerABI.c -mrelocation-model pic -pic-level 2 -mthread-model posix -mdisable-fp-elim -fno-strict-return -masm-verbose -munwind-tables -target-sdk-version=10.14 -target-cpu penryn -dwarf-column-info -debugger-tuning=lldb -target-linker-version 450.3 -v -coverage-notes-file /Users/michaelselby/Documents/DPhil/miektils/paktep/fitpackpp/CMakeFiles/CMakeTmp/CMakeFiles/cmTC_41f9b.dir/CMakeCCompilerABI.c.gcno -resource-dir /Library/Developer/CommandLineTools/usr/lib/clang/10.0.1 -isysroot /Library/Developer/CommandLineTools/SDKs/MacOSX10.14.sdk -Wno-atomic-implicit-seq-cst -Wno-framework-include-private-from-public -Wno-atimport-in-framework-header -Wno-quoted-include-in-framework-header -fdebug-compilation-dir /Users/michaelselby/Documents/DPhil/miektils/paktep/fitpackpp/CMakeFiles/CMakeTmp -ferror-limit 19 -fmessage-length 0 -stack-protector 1 -fblocks -fencode-extended-block-signature -fregister-global-dtors-with-atexit -fobjc-runtime=macosx-10.14.0 -fmax-type-align=16 -fdiagnostics-show-option -o CMakeFiles/cmTC_41f9b.dir/CMakeCCompilerABI.c.o -x c /usr/local/Cellar/cmake/3.15.4/share/cmake/Modules/CMakeCCompilerABI.c]
  ignore line: [clang -cc1 version 10.0.1 (clang-1001.0.46.4) default target x86_64-apple-darwin18.6.0]
  ignore line: [ignoring nonexistent directory "/Library/Developer/CommandLineTools/SDKs/MacOSX10.14.sdk/usr/local/include"]
  ignore line: [ignoring nonexistent directory "/Library/Developer/CommandLineTools/SDKs/MacOSX10.14.sdk/Library/Frameworks"]
  ignore line: [#include "..." search starts here:]
  ignore line: [#include <...> search starts here:]
  ignore line: [ /Library/Developer/CommandLineTools/usr/lib/clang/10.0.1/include]
  ignore line: [ /Library/Developer/CommandLineTools/usr/include]
  ignore line: [ /Library/Developer/CommandLineTools/SDKs/MacOSX10.14.sdk/usr/include]
  ignore line: [ /Library/Developer/CommandLineTools/SDKs/MacOSX10.14.sdk/System/Library/Frameworks (framework directory)]
  ignore line: [End of search list.]
  ignore line: [Linking C executable cmTC_41f9b]
  ignore line: [/usr/local/Cellar/cmake/3.15.4/bin/cmake -E cmake_link_script CMakeFiles/cmTC_41f9b.dir/link.txt --verbose=1]
  ignore line: [/Library/Developer/CommandLineTools/usr/bin/cc   -isysroot /Library/Developer/CommandLineTools/SDKs/MacOSX10.14.sdk -Wl,-search_paths_first -Wl,-headerpad_max_install_names  -v -Wl,-v CMakeFiles/cmTC_41f9b.dir/CMakeCCompilerABI.c.o  -o cmTC_41f9b ]
  ignore line: [Apple LLVM version 10.0.1 (clang-1001.0.46.4)]
  ignore line: [Target: x86_64-apple-darwin18.6.0]
  ignore line: [Thread model: posix]
  ignore line: [InstalledDir: /Library/Developer/CommandLineTools/usr/bin]
  link line: [ "/Library/Developer/CommandLineTools/usr/bin/ld" -demangle -lto_library /Library/Developer/CommandLineTools/usr/lib/libLTO.dylib -dynamic -arch x86_64 -macosx_version_min 10.14.0 -syslibroot /Library/Developer/CommandLineTools/SDKs/MacOSX10.14.sdk -o cmTC_41f9b -search_paths_first -headerpad_max_install_names -v CMakeFiles/cmTC_41f9b.dir/CMakeCCompilerABI.c.o -lSystem /Library/Developer/CommandLineTools/usr/lib/clang/10.0.1/lib/darwin/libclang_rt.osx.a]
    arg [/Library/Developer/CommandLineTools/usr/bin/ld] ==> ignore
    arg [-demangle] ==> ignore
    arg [-lto_library] ==> ignore, skip following value
    arg [/Library/Developer/CommandLineTools/usr/lib/libLTO.dylib] ==> skip value of -lto_library
    arg [-dynamic] ==> ignore
    arg [-arch] ==> ignore
    arg [x86_64] ==> ignore
    arg [-macosx_version_min] ==> ignore
    arg [10.14.0] ==> ignore
    arg [-syslibroot] ==> ignore
    arg [/Library/Developer/CommandLineTools/SDKs/MacOSX10.14.sdk] ==> ignore
    arg [-o] ==> ignore
    arg [cmTC_41f9b] ==> ignore
    arg [-search_paths_first] ==> ignore
    arg [-headerpad_max_install_names] ==> ignore
    arg [-v] ==> ignore
    arg [CMakeFiles/cmTC_41f9b.dir/CMakeCCompilerABI.c.o] ==> ignore
    arg [-lSystem] ==> lib [System]
    arg [/Library/Developer/CommandLineTools/usr/lib/clang/10.0.1/lib/darwin/libclang_rt.osx.a] ==> lib [/Library/Developer/CommandLineTools/usr/lib/clang/10.0.1/lib/darwin/libclang_rt.osx.a]
  Library search paths: [;/Library/Developer/CommandLineTools/SDKs/MacOSX10.14.sdk/usr/lib]
  Framework search paths: [;/Library/Developer/CommandLineTools/SDKs/MacOSX10.14.sdk/System/Library/Frameworks/]
  remove lib [System]
  remove lib [/Library/Developer/CommandLineTools/usr/lib/clang/10.0.1/lib/darwin/libclang_rt.osx.a]
  collapse library dir [/Library/Developer/CommandLineTools/SDKs/MacOSX10.14.sdk/usr/lib] ==> [/Library/Developer/CommandLineTools/SDKs/MacOSX10.14.sdk/usr/lib]
  collapse framework dir [/Library/Developer/CommandLineTools/SDKs/MacOSX10.14.sdk/System/Library/Frameworks/] ==> [/Library/Developer/CommandLineTools/SDKs/MacOSX10.14.sdk/System/Library/Frameworks]
  implicit libs: []
  implicit dirs: [/Library/Developer/CommandLineTools/SDKs/MacOSX10.14.sdk/usr/lib]
  implicit fwks: [/Library/Developer/CommandLineTools/SDKs/MacOSX10.14.sdk/System/Library/Frameworks]


Determining if the CXX compiler works passed with the following output:
Change Dir: /Users/michaelselby/Documents/DPhil/miektils/paktep/fitpackpp/CMakeFiles/CMakeTmp

Run Build Command(s):/usr/bin/make cmTC_5e49a/fast && /Library/Developer/CommandLineTools/usr/bin/make -f CMakeFiles/cmTC_5e49a.dir/build.make CMakeFiles/cmTC_5e49a.dir/build
Building CXX object CMakeFiles/cmTC_5e49a.dir/testCXXCompiler.cxx.o
/Library/Developer/CommandLineTools/usr/bin/c++    -isysroot /Library/Developer/CommandLineTools/SDKs/MacOSX10.14.sdk   -o CMakeFiles/cmTC_5e49a.dir/testCXXCompiler.cxx.o -c /Users/michaelselby/Documents/DPhil/miektils/paktep/fitpackpp/CMakeFiles/CMakeTmp/testCXXCompiler.cxx
Linking CXX executable cmTC_5e49a
/usr/local/Cellar/cmake/3.15.4/bin/cmake -E cmake_link_script CMakeFiles/cmTC_5e49a.dir/link.txt --verbose=1
/Library/Developer/CommandLineTools/usr/bin/c++    -isysroot /Library/Developer/CommandLineTools/SDKs/MacOSX10.14.sdk -Wl,-search_paths_first -Wl,-headerpad_max_install_names   CMakeFiles/cmTC_5e49a.dir/testCXXCompiler.cxx.o  -o cmTC_5e49a 



Detecting CXX compiler ABI info compiled with the following output:
Change Dir: /Users/michaelselby/Documents/DPhil/miektils/paktep/fitpackpp/CMakeFiles/CMakeTmp

Run Build Command(s):/usr/bin/make cmTC_e2461/fast && /Library/Developer/CommandLineTools/usr/bin/make -f CMakeFiles/cmTC_e2461.dir/build.make CMakeFiles/cmTC_e2461.dir/build
Building CXX object CMakeFiles/cmTC_e2461.dir/CMakeCXXCompilerABI.cpp.o
/Library/Developer/CommandLineTools/usr/bin/c++    -isysroot /Library/Developer/CommandLineTools/SDKs/MacOSX10.14.sdk   -v -Wl,-v -o CMakeFiles/cmTC_e2461.dir/CMakeCXXCompilerABI.cpp.o -c /usr/local/Cellar/cmake/3.15.4/share/cmake/Modules/CMakeCXXCompilerABI.cpp
Apple LLVM version 10.0.1 (clang-1001.0.46.4)
Target: x86_64-apple-darwin18.6.0
Thread model: posix
InstalledDir: /Library/Developer/CommandLineTools/usr/bin
clang: warning: -Wl,-v: 'linker' input unused [-Wunused-command-line-argument]
 "/Library/Developer/CommandLineTools/usr/bin/clang" -cc1 -triple x86_64-apple-macosx10.14.0 -Wdeprecated-objc-isa-usage -Werror=deprecated-objc-isa-usage -emit-obj -mrelax-all -disable-free -disable-llvm-verifier -discard-value-names -main-file-name CMakeCXXCompilerABI.cpp -mrelocation-model pic -pic-level 2 -mthread-model posix -mdisable-fp-elim -fno-strict-return -masm-verbose -munwind-tables -target-sdk-version=10.14 -target-cpu penryn -dwarf-column-info -debugger-tuning=lldb -target-linker-version 450.3 -v -coverage-notes-file /Users/michaelselby/Documents/DPhil/miektils/paktep/fitpackpp/CMakeFiles/CMakeTmp/CMakeFiles/cmTC_e2461.dir/CMakeCXXCompilerABI.cpp.gcno -resource-dir /Library/Developer/CommandLineTools/usr/lib/clang/10.0.1 -isysroot /Library/Developer/CommandLineTools/SDKs/MacOSX10.14.sdk -stdlib=libc++ -Wno-atomic-implicit-seq-cst -Wno-framework-include-private-from-public -Wno-atimport-in-framework-header -Wno-quoted-include-in-framework-header -fdeprecated-macro -fdebug-compilation-dir /Users/michaelselby/Documents/DPhil/miektils/paktep/fitpackpp/CMakeFiles/CMakeTmp -ferror-limit 19 -fmessage-length 0 -stack-protector 1 -fblocks -fencode-extended-block-signature -fregister-global-dtors-with-atexit -fobjc-runtime=macosx-10.14.0 -fcxx-exceptions -fexceptions -fmax-type-align=16 -fdiagnostics-show-option -o CMakeFiles/cmTC_e2461.dir/CMakeCXXCompilerABI.cpp.o -x c++ /usr/local/Cellar/cmake/3.15.4/share/cmake/Modules/CMakeCXXCompilerABI.cpp
clang -cc1 version 10.0.1 (clang-1001.0.46.4) default target x86_64-apple-darwin18.6.0
ignoring nonexistent directory "/Library/Developer/CommandLineTools/SDKs/MacOSX10.14.sdk/usr/include/c++/v1"
ignoring nonexistent directory "/Library/Developer/CommandLineTools/SDKs/MacOSX10.14.sdk/usr/local/include"
ignoring nonexistent directory "/Library/Developer/CommandLineTools/SDKs/MacOSX10.14.sdk/Library/Frameworks"
#include "..." search starts here:
#include <...> search starts here:
 /Library/Developer/CommandLineTools/usr/include/c++/v1
 /Library/Developer/CommandLineTools/usr/lib/clang/10.0.1/include
 /Library/Developer/CommandLineTools/usr/include
 /Library/Developer/CommandLineTools/SDKs/MacOSX10.14.sdk/usr/include
 /Library/Developer/CommandLineTools/SDKs/MacOSX10.14.sdk/System/Library/Frameworks (framework directory)
End of search list.
Linking CXX executable cmTC_e2461
/usr/local/Cellar/cmake/3.15.4/bin/cmake -E cmake_link_script CMakeFiles/cmTC_e2461.dir/link.txt --verbose=1
/Library/Developer/CommandLineTools/usr/bin/c++    -isysroot /Library/Developer/CommandLineTools/SDKs/MacOSX10.14.sdk -Wl,-search_paths_first -Wl,-headerpad_max_install_names  -v -Wl,-v CMakeFiles/cmTC_e2461.dir/CMakeCXXCompilerABI.cpp.o  -o cmTC_e2461 
Apple LLVM version 10.0.1 (clang-1001.0.46.4)
Target: x86_64-apple-darwin18.6.0
Thread model: posix
InstalledDir: /Library/Developer/CommandLineTools/usr/bin
 "/Library/Developer/CommandLineTools/usr/bin/ld" -demangle -lto_library /Library/Developer/CommandLineTools/usr/lib/libLTO.dylib -dynamic -arch x86_64 -macosx_version_min 10.14.0 -syslibroot /Library/Developer/CommandLineTools/SDKs/MacOSX10.14.sdk -o cmTC_e2461 -search_paths_first -headerpad_max_install_names -v CMakeFiles/cmTC_e2461.dir/CMakeCXXCompilerABI.cpp.o -lc++ -lSystem /Library/Developer/CommandLineTools/usr/lib/clang/10.0.1/lib/darwin/libclang_rt.osx.a
@(#)PROGRAM:ld  PROJECT:ld64-450.3
BUILD 18:16:53 Apr  5 2019
configured to support archs: armv6 armv7 armv7s arm64 arm64e arm64_32 i386 x86_64 x86_64h armv6m armv7k armv7m armv7em
Library search paths:
	/Library/Developer/CommandLineTools/SDKs/MacOSX10.14.sdk/usr/lib
Framework search paths:
	/Library/Developer/CommandLineTools/SDKs/MacOSX10.14.sdk/System/Library/Frameworks/



Parsed CXX implicit include dir info from above output: rv=done
  found start of include info
  found start of implicit include info
    add: [/Library/Developer/CommandLineTools/usr/include/c++/v1]
    add: [/Library/Developer/CommandLineTools/usr/lib/clang/10.0.1/include]
    add: [/Library/Developer/CommandLineTools/usr/include]
    add: [/Library/Developer/CommandLineTools/SDKs/MacOSX10.14.sdk/usr/include]
  end of search list found
  collapse include dir [/Library/Developer/CommandLineTools/usr/include/c++/v1] ==> [/Library/Developer/CommandLineTools/usr/include/c++/v1]
  collapse include dir [/Library/Developer/CommandLineTools/usr/lib/clang/10.0.1/include] ==> [/Library/Developer/CommandLineTools/usr/lib/clang/10.0.1/include]
  collapse include dir [/Library/Developer/CommandLineTools/usr/include] ==> [/Library/Developer/CommandLineTools/usr/include]
  collapse include dir [/Library/Developer/CommandLineTools/SDKs/MacOSX10.14.sdk/usr/include] ==> [/Library/Developer/CommandLineTools/SDKs/MacOSX10.14.sdk/usr/include]
  implicit include dirs: [/Library/Developer/CommandLineTools/usr/include/c++/v1;/Library/Developer/CommandLineTools/usr/lib/clang/10.0.1/include;/Library/Developer/CommandLineTools/usr/include;/Library/Developer/CommandLineTools/SDKs/MacOSX10.14.sdk/usr/include]


Parsed CXX implicit link information from above output:
  link line regex: [^( *|.*[/\])(ld|CMAKE_LINK_STARTFILE-NOTFOUND|([^/\]+-)?ld|collect2)[^/\]*( |$)]
  ignore line: [Change Dir: /Users/michaelselby/Documents/DPhil/miektils/paktep/fitpackpp/CMakeFiles/CMakeTmp]
  ignore line: []
  ignore line: [Run Build Command(s):/usr/bin/make cmTC_e2461/fast && /Library/Developer/CommandLineTools/usr/bin/make -f CMakeFiles/cmTC_e2461.dir/build.make CMakeFiles/cmTC_e2461.dir/build]
  ignore line: [Building CXX object CMakeFiles/cmTC_e2461.dir/CMakeCXXCompilerABI.cpp.o]
  ignore line: [/Library/Developer/CommandLineTools/usr/bin/c++    -isysroot /Library/Developer/CommandLineTools/SDKs/MacOSX10.14.sdk   -v -Wl,-v -o CMakeFiles/cmTC_e2461.dir/CMakeCXXCompilerABI.cpp.o -c /usr/local/Cellar/cmake/3.15.4/share/cmake/Modules/CMakeCXXCompilerABI.cpp]
  ignore line: [Apple LLVM version 10.0.1 (clang-1001.0.46.4)]
  ignore line: [Target: x86_64-apple-darwin18.6.0]
  ignore line: [Thread model: posix]
  ignore line: [InstalledDir: /Library/Developer/CommandLineTools/usr/bin]
  ignore line: [clang: warning: -Wl,-v: 'linker' input unused [-Wunused-command-line-argument]]
  ignore line: [ "/Library/Developer/CommandLineTools/usr/bin/clang" -cc1 -triple x86_64-apple-macosx10.14.0 -Wdeprecated-objc-isa-usage -Werror=deprecated-objc-isa-usage -emit-obj -mrelax-all -disable-free -disable-llvm-verifier -discard-value-names -main-file-name CMakeCXXCompilerABI.cpp -mrelocation-model pic -pic-level 2 -mthread-model posix -mdisable-fp-elim -fno-strict-return -masm-verbose -munwind-tables -target-sdk-version=10.14 -target-cpu penryn -dwarf-column-info -debugger-tuning=lldb -target-linker-version 450.3 -v -coverage-notes-file /Users/michaelselby/Documents/DPhil/miektils/paktep/fitpackpp/CMakeFiles/CMakeTmp/CMakeFiles/cmTC_e2461.dir/CMakeCXXCompilerABI.cpp.gcno -resource-dir /Library/Developer/CommandLineTools/usr/lib/clang/10.0.1 -isysroot /Library/Developer/CommandLineTools/SDKs/MacOSX10.14.sdk -stdlib=libc++ -Wno-atomic-implicit-seq-cst -Wno-framework-include-private-from-public -Wno-atimport-in-framework-header -Wno-quoted-include-in-framework-header -fdeprecated-macro -fdebug-compilation-dir /Users/michaelselby/Documents/DPhil/miektils/paktep/fitpackpp/CMakeFiles/CMakeTmp -ferror-limit 19 -fmessage-length 0 -stack-protector 1 -fblocks -fencode-extended-block-signature -fregister-global-dtors-with-atexit -fobjc-runtime=macosx-10.14.0 -fcxx-exceptions -fexceptions -fmax-type-align=16 -fdiagnostics-show-option -o CMakeFiles/cmTC_e2461.dir/CMakeCXXCompilerABI.cpp.o -x c++ /usr/local/Cellar/cmake/3.15.4/share/cmake/Modules/CMakeCXXCompilerABI.cpp]
  ignore line: [clang -cc1 version 10.0.1 (clang-1001.0.46.4) default target x86_64-apple-darwin18.6.0]
  ignore line: [ignoring nonexistent directory "/Library/Developer/CommandLineTools/SDKs/MacOSX10.14.sdk/usr/include/c++/v1"]
  ignore line: [ignoring nonexistent directory "/Library/Developer/CommandLineTools/SDKs/MacOSX10.14.sdk/usr/local/include"]
  ignore line: [ignoring nonexistent directory "/Library/Developer/CommandLineTools/SDKs/MacOSX10.14.sdk/Library/Frameworks"]
  ignore line: [#include "..." search starts here:]
  ignore line: [#include <...> search starts here:]
  ignore line: [ /Library/Developer/CommandLineTools/usr/include/c++/v1]
  ignore line: [ /Library/Developer/CommandLineTools/usr/lib/clang/10.0.1/include]
  ignore line: [ /Library/Developer/CommandLineTools/usr/include]
  ignore line: [ /Library/Developer/CommandLineTools/SDKs/MacOSX10.14.sdk/usr/include]
  ignore line: [ /Library/Developer/CommandLineTools/SDKs/MacOSX10.14.sdk/System/Library/Frameworks (framework directory)]
  ignore line: [End of search list.]
  ignore line: [Linking CXX executable cmTC_e2461]
  ignore line: [/usr/local/Cellar/cmake/3.15.4/bin/cmake -E cmake_link_script CMakeFiles/cmTC_e2461.dir/link.txt --verbose=1]
  ignore line: [/Library/Developer/CommandLineTools/usr/bin/c++    -isysroot /Library/Developer/CommandLineTools/SDKs/MacOSX10.14.sdk -Wl,-search_paths_first -Wl,-headerpad_max_install_names  -v -Wl,-v CMakeFiles/cmTC_e2461.dir/CMakeCXXCompilerABI.cpp.o  -o cmTC_e2461 ]
  ignore line: [Apple LLVM version 10.0.1 (clang-1001.0.46.4)]
  ignore line: [Target: x86_64-apple-darwin18.6.0]
  ignore line: [Thread model: posix]
  ignore line: [InstalledDir: /Library/Developer/CommandLineTools/usr/bin]
  link line: [ "/Library/Developer/CommandLineTools/usr/bin/ld" -demangle -lto_library /Library/Developer/CommandLineTools/usr/lib/libLTO.dylib -dynamic -arch x86_64 -macosx_version_min 10.14.0 -syslibroot /Library/Developer/CommandLineTools/SDKs/MacOSX10.14.sdk -o cmTC_e2461 -search_paths_first -headerpad_max_install_names -v CMakeFiles/cmTC_e2461.dir/CMakeCXXCompilerABI.cpp.o -lc++ -lSystem /Library/Developer/CommandLineTools/usr/lib/clang/10.0.1/lib/darwin/libclang_rt.osx.a]
    arg [/Library/Developer/CommandLineTools/usr/bin/ld] ==> ignore
    arg [-demangle] ==> ignore
    arg [-lto_library] ==> ignore, skip following value
    arg [/Library/Developer/CommandLineTools/usr/lib/libLTO.dylib] ==> skip value of -lto_library
    arg [-dynamic] ==> ignore
    arg [-arch] ==> ignore
    arg [x86_64] ==> ignore
    arg [-macosx_version_min] ==> ignore
    arg [10.14.0] ==> ignore
    arg [-syslibroot] ==> ignore
    arg [/Library/Developer/CommandLineTools/SDKs/MacOSX10.14.sdk] ==> ignore
    arg [-o] ==> ignore
    arg [cmTC_e2461] ==> ignore
    arg [-search_paths_first] ==> ignore
    arg [-headerpad_max_install_names] ==> ignore
    arg [-v] ==> ignore
    arg [CMakeFiles/cmTC_e2461.dir/CMakeCXXCompilerABI.cpp.o] ==> ignore
    arg [-lc++] ==> lib [c++]
    arg [-lSystem] ==> lib [System]
    arg [/Library/Developer/CommandLineTools/usr/lib/clang/10.0.1/lib/darwin/libclang_rt.osx.a] ==> lib [/Library/Developer/CommandLineTools/usr/lib/clang/10.0.1/lib/darwin/libclang_rt.osx.a]
  Library search paths: [;/Library/Developer/CommandLineTools/SDKs/MacOSX10.14.sdk/usr/lib]
  Framework search paths: [;/Library/Developer/CommandLineTools/SDKs/MacOSX10.14.sdk/System/Library/Frameworks/]
  remove lib [System]
  remove lib [/Library/Developer/CommandLineTools/usr/lib/clang/10.0.1/lib/darwin/libclang_rt.osx.a]
  collapse library dir [/Library/Developer/CommandLineTools/SDKs/MacOSX10.14.sdk/usr/lib] ==> [/Library/Developer/CommandLineTools/SDKs/MacOSX10.14.sdk/usr/lib]
  collapse framework dir [/Library/Developer/CommandLineTools/SDKs/MacOSX10.14.sdk/System/Library/Frameworks/] ==> [/Library/Developer/CommandLineTools/SDKs/MacOSX10.14.sdk/System/Library/Frameworks]
  implicit libs: [c++]
  implicit dirs: [/Library/Developer/CommandLineTools/SDKs/MacOSX10.14.sdk/usr/lib]
  implicit fwks: [/Library/Developer/CommandLineTools/SDKs/MacOSX10.14.sdk/System/Library/Frameworks]


Compiling the Fortran compiler identification source file "CMakeFortranCompilerId.F" succeeded.
Compiler: /usr/local/bin/gfortran 
Build flags: 
Id flags: -v 

The output was:
0
Driving: /usr/local/bin/gfortran -v CMakeFortranCompilerId.F -mmacosx-version-min=10.14.0 -asm_macosx_version_min=10.14 -l gfortran -shared-libgcc
Using built-in specs.
COLLECT_GCC=/usr/local/bin/gfortran
COLLECT_LTO_WRAPPER=/usr/local/Cellar/gcc/8.2.0/libexec/gcc/x86_64-apple-darwin18.0.0/8.2.0/lto-wrapper
Target: x86_64-apple-darwin18.0.0
Configured with: ../configure --build=x86_64-apple-darwin18.0.0 --prefix=/usr/local/Cellar/gcc/8.2.0 --libdir=/usr/local/Cellar/gcc/8.2.0/lib/gcc/8 --enable-languages=c,c++,objc,obj-c++,fortran --program-suffix=-8 --with-gmp=/usr/local/opt/gmp --with-mpfr=/usr/local/opt/mpfr --with-mpc=/usr/local/opt/libmpc --with-isl=/usr/local/opt/isl --with-system-zlib --enable-checking=release --with-pkgversion='Homebrew GCC 8.2.0' --with-bugurl=https://github.com/Homebrew/homebrew-core/issues --disable-nls --disable-multilib --with-native-system-header-dir=/usr/include --with-sysroot=/Library/Developer/CommandLineTools/SDKs/MacOSX.sdk
Thread model: posix
gcc version 8.2.0 (Homebrew GCC 8.2.0) 
COLLECT_GCC_OPTIONS='-v' '-mmacosx-version-min=10.14.0' '-asm_macosx_version_min=10.14' '-shared-libgcc' '-mtune=core2'
 /usr/local/Cellar/gcc/8.2.0/libexec/gcc/x86_64-apple-darwin18.0.0/8.2.0/f951 CMakeFortranCompilerId.F -ffixed-form -cpp=/var/folders/z4/gr99dnn910ndx4f_3lpz4llr0000gp/T//ccLxbdYB.f90 -quiet -v -D__DYNAMIC__ CMakeFortranCompilerId.F -fPIC -quiet -dumpbase CMakeFortranCompilerId.F -mmacosx-version-min=10.14.0 -mtune=core2 -auxbase CMakeFortranCompilerId -version -fintrinsic-modules-path /usr/local/Cellar/gcc/8.2.0/lib/gcc/8/gcc/x86_64-apple-darwin18.0.0/8.2.0/finclude -o /var/folders/z4/gr99dnn910ndx4f_3lpz4llr0000gp/T//cc0VMs8S.s
GNU Fortran (Homebrew GCC 8.2.0) version 8.2.0 (x86_64-apple-darwin18.0.0)
	compiled by GNU C version 8.2.0, GMP version 6.1.2, MPFR version 4.0.1, MPC version 1.1.0, isl version isl-0.20-GMP

GGC heuristics: --param ggc-min-expand=100 --param ggc-min-heapsize=131072
ignoring nonexistent directory "/Library/Developer/CommandLineTools/SDKs/MacOSX.sdk/usr/local/include"
ignoring nonexistent directory "/usr/local/Cellar/gcc/8.2.0/lib/gcc/8/gcc/x86_64-apple-darwin18.0.0/8.2.0/../../../../../../x86_64-apple-darwin18.0.0/include"
#include "..." search starts here:
#include <...> search starts here:
 /usr/local/Cellar/gcc/8.2.0/lib/gcc/8/gcc/x86_64-apple-darwin18.0.0/8.2.0/finclude
 /usr/local/Cellar/gcc/8.2.0/lib/gcc/8/gcc/x86_64-apple-darwin18.0.0/8.2.0/include
 /usr/local/Cellar/gcc/8.2.0/lib/gcc/8/gcc/x86_64-apple-darwin18.0.0/8.2.0/include-fixed
 /Library/Developer/CommandLineTools/SDKs/MacOSX.sdk/usr/include
End of search list.
GNU Fortran2008 (Homebrew GCC 8.2.0) version 8.2.0 (x86_64-apple-darwin18.0.0)
	compiled by GNU C version 8.2.0, GMP version 6.1.2, MPFR version 4.0.1, MPC version 1.1.0, isl version isl-0.20-GMP

GGC heuristics: --param ggc-min-expand=100 --param ggc-min-heapsize=131072
COLLECT_GCC_OPTIONS='-v' '-mmacosx-version-min=10.14.0'  '-shared-libgcc' '-mtune=core2'
 as -arch x86_64 -v -force_cpusubtype_ALL -mmacosx-version-min=10.14 -o /var/folders/z4/gr99dnn910ndx4f_3lpz4llr0000gp/T//cc4UAzAu.o /var/folders/z4/gr99dnn910ndx4f_3lpz4llr0000gp/T//cc0VMs8S.s
Apple LLVM version 10.0.1 (clang-1001.0.46.4)
Target: x86_64-apple-darwin18.6.0
Thread model: posix
InstalledDir: /Library/Developer/CommandLineTools/usr/bin
 "/Library/Developer/CommandLineTools/usr/bin/clang" -cc1as -triple x86_64-apple-macosx10.14.0 -filetype obj -main-file-name cc0VMs8S.s -target-cpu penryn -fdebug-compilation-dir /Users/michaelselby/Documents/DPhil/miektils/paktep/fitpackpp/CMakeFiles/3.15.4/CompilerIdFortran -dwarf-debug-producer Apple LLVM version 10.0.1 (clang-1001.0.46.4) -dwarf-version=4 -mrelocation-model pic -o /var/folders/z4/gr99dnn910ndx4f_3lpz4llr0000gp/T//cc4UAzAu.o /var/folders/z4/gr99dnn910ndx4f_3lpz4llr0000gp/T//cc0VMs8S.s
Reading specs from /usr/local/Cellar/gcc/8.2.0/lib/gcc/8/gcc/x86_64-apple-darwin18.0.0/8.2.0/../../../libgfortran.spec
rename spec lib to liborig
COLLECT_GCC_OPTIONS='-v' '-mmacosx-version-min=10.14.0'  '-shared-libgcc' '-mtune=core2'
COMPILER_PATH=/usr/local/Cellar/gcc/8.2.0/libexec/gcc/x86_64-apple-darwin18.0.0/8.2.0/:/usr/local/Cellar/gcc/8.2.0/libexec/gcc/x86_64-apple-darwin18.0.0/8.2.0/:/usr/local/Cellar/gcc/8.2.0/libexec/gcc/x86_64-apple-darwin18.0.0/:/usr/local/Cellar/gcc/8.2.0/lib/gcc/8/gcc/x86_64-apple-darwin18.0.0/8.2.0/:/usr/local/Cellar/gcc/8.2.0/lib/gcc/8/gcc/x86_64-apple-darwin18.0.0/
LIBRARY_PATH=/usr/local/Cellar/gcc/8.2.0/lib/gcc/8/gcc/x86_64-apple-darwin18.0.0/8.2.0/:/usr/local/Cellar/gcc/8.2.0/lib/gcc/8/gcc/x86_64-apple-darwin18.0.0/8.2.0/../../../
COLLECT_GCC_OPTIONS='-v' '-mmacosx-version-min=10.14.0'  '-shared-libgcc' '-mtune=core2'
 /usr/local/Cellar/gcc/8.2.0/libexec/gcc/x86_64-apple-darwin18.0.0/8.2.0/collect2 -syslibroot /Library/Developer/CommandLineTools/SDKs/MacOSX.sdk/ -dynamic -arch x86_64 -macosx_version_min 10.14.0 -weak_reference_mismatches non-weak -o a.out -L/usr/local/Cellar/gcc/8.2.0/lib/gcc/8/gcc/x86_64-apple-darwin18.0.0/8.2.0 -L/usr/local/Cellar/gcc/8.2.0/lib/gcc/8/gcc/x86_64-apple-darwin18.0.0/8.2.0/../../.. /var/folders/z4/gr99dnn910ndx4f_3lpz4llr0000gp/T//cc4UAzAu.o -lgfortran -no_compact_unwind -lSystem -lgcc_ext.10.5 -lgcc -lquadmath -lm -lgcc_ext.10.5 -lgcc -lSystem -v
collect2 version 8.2.0
/usr/bin/ld -syslibroot /Library/Developer/CommandLineTools/SDKs/MacOSX.sdk/ -dynamic -arch x86_64 -macosx_version_min 10.14.0 -weak_reference_mismatches non-weak -o a.out -L/usr/local/Cellar/gcc/8.2.0/lib/gcc/8/gcc/x86_64-apple-darwin18.0.0/8.2.0 -L/usr/local/Cellar/gcc/8.2.0/lib/gcc/8/gcc/x86_64-apple-darwin18.0.0/8.2.0/../../.. /var/folders/z4/gr99dnn910ndx4f_3lpz4llr0000gp/T//cc4UAzAu.o -lgfortran -no_compact_unwind -lSystem -lgcc_ext.10.5 -lgcc -lquadmath -lm -lgcc_ext.10.5 -lgcc -lSystem -v
@(#)PROGRAM:ld  PROJECT:ld64-450.3
BUILD 18:16:53 Apr  5 2019
configured to support archs: armv6 armv7 armv7s arm64 arm64e arm64_32 i386 x86_64 x86_64h armv6m armv7k armv7m armv7em
Library search paths:
	/usr/local/Cellar/gcc/8.2.0/lib/gcc/8/gcc/x86_64-apple-darwin18.0.0/8.2.0
	/usr/local/Cellar/gcc/8.2.0/lib/gcc/8
	/Library/Developer/CommandLineTools/SDKs/MacOSX.sdk/usr/lib
Framework search paths:
	/Library/Developer/CommandLineTools/SDKs/MacOSX.sdk/System/Library/Frameworks/
 /usr/bin/nm -n /var/folders/z4/gr99dnn910ndx4f_3lpz4llr0000gp/T//cc4UAzAu.o


Compilation of the Fortran compiler identification source "CMakeFortranCompilerId.F" produced "a.out"

The Fortran compiler identification is GNU, found in "/Users/michaelselby/Documents/DPhil/miektils/paktep/fitpackpp/CMakeFiles/3.15.4/CompilerIdFortran/a.out"

Determining if the Fortran compiler works passed with the following output:
Change Dir: /Users/michaelselby/Documents/DPhil/miektils/paktep/fitpackpp/CMakeFiles/CMakeTmp

Run Build Command(s):/usr/bin/make cmTC_0f1a8/fast && /Library/Developer/CommandLineTools/usr/bin/make -f CMakeFiles/cmTC_0f1a8.dir/build.make CMakeFiles/cmTC_0f1a8.dir/build
Building Fortran object CMakeFiles/cmTC_0f1a8.dir/testFortranCompiler.f.o
/usr/local/bin/gfortran   -isysroot /Library/Developer/CommandLineTools/SDKs/MacOSX10.14.sdk   -c /Users/michaelselby/Documents/DPhil/miektils/paktep/fitpackpp/CMakeFiles/CMakeTmp/testFortranCompiler.f -o CMakeFiles/cmTC_0f1a8.dir/testFortranCompiler.f.o
Linking Fortran executable cmTC_0f1a8
/usr/local/Cellar/cmake/3.15.4/bin/cmake -E cmake_link_script CMakeFiles/cmTC_0f1a8.dir/link.txt --verbose=1
/usr/local/bin/gfortran      -isysroot /Library/Developer/CommandLineTools/SDKs/MacOSX10.14.sdk CMakeFiles/cmTC_0f1a8.dir/testFortranCompiler.f.o  -o cmTC_0f1a8 



Detecting Fortran compiler ABI info compiled with the following output:
Change Dir: /Users/michaelselby/Documents/DPhil/miektils/paktep/fitpackpp/CMakeFiles/CMakeTmp

Run Build Command(s):/usr/bin/make cmTC_915d1/fast && /Library/Developer/CommandLineTools/usr/bin/make -f CMakeFiles/cmTC_915d1.dir/build.make CMakeFiles/cmTC_915d1.dir/build
Building Fortran object CMakeFiles/cmTC_915d1.dir/CMakeFortranCompilerABI.F.o
/usr/local/bin/gfortran   -isysroot /Library/Developer/CommandLineTools/SDKs/MacOSX10.14.sdk   -v -Wl,-v -c /usr/local/Cellar/cmake/3.15.4/share/cmake/Modules/CMakeFortranCompilerABI.F -o CMakeFiles/cmTC_915d1.dir/CMakeFortranCompilerABI.F.o
Using built-in specs.
COLLECT_GCC=/usr/local/bin/gfortran
Target: x86_64-apple-darwin18.0.0
Configured with: ../configure --build=x86_64-apple-darwin18.0.0 --prefix=/usr/local/Cellar/gcc/8.2.0 --libdir=/usr/local/Cellar/gcc/8.2.0/lib/gcc/8 --enable-languages=c,c++,objc,obj-c++,fortran --program-suffix=-8 --with-gmp=/usr/local/opt/gmp --with-mpfr=/usr/local/opt/mpfr --with-mpc=/usr/local/opt/libmpc --with-isl=/usr/local/opt/isl --with-system-zlib --enable-checking=release --with-pkgversion='Homebrew GCC 8.2.0' --with-bugurl=https://github.com/Homebrew/homebrew-core/issues --disable-nls --disable-multilib --with-native-system-header-dir=/usr/include --with-sysroot=/Library/Developer/CommandLineTools/SDKs/MacOSX.sdk
Thread model: posix
gcc version 8.2.0 (Homebrew GCC 8.2.0) 
COLLECT_GCC_OPTIONS='-isysroot' '/Library/Developer/CommandLineTools/SDKs/MacOSX10.14.sdk' '-v' '-c' '-o' 'CMakeFiles/cmTC_915d1.dir/CMakeFortranCompilerABI.F.o' '-mmacosx-version-min=10.14.0' '-asm_macosx_version_min=10.14' '-mtune=core2'
 /usr/local/Cellar/gcc/8.2.0/libexec/gcc/x86_64-apple-darwin18.0.0/8.2.0/f951 /usr/local/Cellar/cmake/3.15.4/share/cmake/Modules/CMakeFortranCompilerABI.F -ffixed-form -cpp=/var/folders/z4/gr99dnn910ndx4f_3lpz4llr0000gp/T//ccVXaqKx.f90 -quiet -v -D__DYNAMIC__ -isysroot /Library/Developer/CommandLineTools/SDKs/MacOSX10.14.sdk /usr/local/Cellar/cmake/3.15.4/share/cmake/Modules/CMakeFortranCompilerABI.F -fPIC -quiet -dumpbase CMakeFortranCompilerABI.F -mmacosx-version-min=10.14.0 -mtune=core2 -auxbase-strip CMakeFiles/cmTC_915d1.dir/CMakeFortranCompilerABI.F.o -version -fintrinsic-modules-path /usr/local/Cellar/gcc/8.2.0/lib/gcc/8/gcc/x86_64-apple-darwin18.0.0/8.2.0/finclude -o /var/folders/z4/gr99dnn910ndx4f_3lpz4llr0000gp/T//cc1H6rc9.s
GNU Fortran (Homebrew GCC 8.2.0) version 8.2.0 (x86_64-apple-darwin18.0.0)
	compiled by GNU C version 8.2.0, GMP version 6.1.2, MPFR version 4.0.1, MPC version 1.1.0, isl version isl-0.20-GMP

GGC heuristics: --param ggc-min-expand=100 --param ggc-min-heapsize=131072
ignoring nonexistent directory "/Library/Developer/CommandLineTools/SDKs/MacOSX10.14.sdk/usr/local/include"
ignoring nonexistent directory "/usr/local/Cellar/gcc/8.2.0/lib/gcc/8/gcc/x86_64-apple-darwin18.0.0/8.2.0/../../../../../../x86_64-apple-darwin18.0.0/include"
#include "..." search starts here:
#include <...> search starts here:
 /usr/local/Cellar/gcc/8.2.0/lib/gcc/8/gcc/x86_64-apple-darwin18.0.0/8.2.0/finclude
 /usr/local/Cellar/gcc/8.2.0/lib/gcc/8/gcc/x86_64-apple-darwin18.0.0/8.2.0/include
 /usr/local/Cellar/gcc/8.2.0/lib/gcc/8/gcc/x86_64-apple-darwin18.0.0/8.2.0/include-fixed
 /Library/Developer/CommandLineTools/SDKs/MacOSX10.14.sdk/usr/include
End of search list.
GNU Fortran2008 (Homebrew GCC 8.2.0) version 8.2.0 (x86_64-apple-darwin18.0.0)
	compiled by GNU C version 8.2.0, GMP version 6.1.2, MPFR version 4.0.1, MPC version 1.1.0, isl version isl-0.20-GMP

GGC heuristics: --param ggc-min-expand=100 --param ggc-min-heapsize=131072
COLLECT_GCC_OPTIONS='-isysroot' '/Library/Developer/CommandLineTools/SDKs/MacOSX10.14.sdk' '-v' '-c' '-o' 'CMakeFiles/cmTC_915d1.dir/CMakeFortranCompilerABI.F.o' '-mmacosx-version-min=10.14.0'  '-mtune=core2'
 as -arch x86_64 -v -force_cpusubtype_ALL -mmacosx-version-min=10.14 -o CMakeFiles/cmTC_915d1.dir/CMakeFortranCompilerABI.F.o /var/folders/z4/gr99dnn910ndx4f_3lpz4llr0000gp/T//cc1H6rc9.s
Apple LLVM version 10.0.1 (clang-1001.0.46.4)
Target: x86_64-apple-darwin18.6.0
Thread model: posix
InstalledDir: /Library/Developer/CommandLineTools/usr/bin
 "/Library/Developer/CommandLineTools/usr/bin/clang" -cc1as -triple x86_64-apple-macosx10.14.0 -filetype obj -main-file-name cc1H6rc9.s -target-cpu penryn -fdebug-compilation-dir /Users/michaelselby/Documents/DPhil/miektils/paktep/fitpackpp/CMakeFiles/CMakeTmp -dwarf-debug-producer Apple LLVM version 10.0.1 (clang-1001.0.46.4) -dwarf-version=4 -mrelocation-model pic -o CMakeFiles/cmTC_915d1.dir/CMakeFortranCompilerABI.F.o /var/folders/z4/gr99dnn910ndx4f_3lpz4llr0000gp/T//cc1H6rc9.s
COMPILER_PATH=/usr/local/Cellar/gcc/8.2.0/libexec/gcc/x86_64-apple-darwin18.0.0/8.2.0/:/usr/local/Cellar/gcc/8.2.0/libexec/gcc/x86_64-apple-darwin18.0.0/8.2.0/:/usr/local/Cellar/gcc/8.2.0/libexec/gcc/x86_64-apple-darwin18.0.0/:/usr/local/Cellar/gcc/8.2.0/lib/gcc/8/gcc/x86_64-apple-darwin18.0.0/8.2.0/:/usr/local/Cellar/gcc/8.2.0/lib/gcc/8/gcc/x86_64-apple-darwin18.0.0/
LIBRARY_PATH=/usr/local/Cellar/gcc/8.2.0/lib/gcc/8/gcc/x86_64-apple-darwin18.0.0/8.2.0/:/usr/local/Cellar/gcc/8.2.0/lib/gcc/8/gcc/x86_64-apple-darwin18.0.0/8.2.0/../../../
COLLECT_GCC_OPTIONS='-isysroot' '/Library/Developer/CommandLineTools/SDKs/MacOSX10.14.sdk' '-v' '-c' '-o' 'CMakeFiles/cmTC_915d1.dir/CMakeFortranCompilerABI.F.o' '-mmacosx-version-min=10.14.0'  '-mtune=core2'
Linking Fortran executable cmTC_915d1
/usr/local/Cellar/cmake/3.15.4/bin/cmake -E cmake_link_script CMakeFiles/cmTC_915d1.dir/link.txt --verbose=1
/usr/local/bin/gfortran   -v -Wl,-v   -isysroot /Library/Developer/CommandLineTools/SDKs/MacOSX10.14.sdk CMakeFiles/cmTC_915d1.dir/CMakeFortranCompilerABI.F.o  -o cmTC_915d1 
Driving: /usr/local/bin/gfortran -v -Wl,-v -isysroot /Library/Developer/CommandLineTools/SDKs/MacOSX10.14.sdk CMakeFiles/cmTC_915d1.dir/CMakeFortranCompilerABI.F.o -o cmTC_915d1 -mmacosx-version-min=10.14.0 -asm_macosx_version_min=10.14 -l gfortran -shared-libgcc
Using built-in specs.
COLLECT_GCC=/usr/local/bin/gfortran
COLLECT_LTO_WRAPPER=/usr/local/Cellar/gcc/8.2.0/libexec/gcc/x86_64-apple-darwin18.0.0/8.2.0/lto-wrapper
Target: x86_64-apple-darwin18.0.0
Configured with: ../configure --build=x86_64-apple-darwin18.0.0 --prefix=/usr/local/Cellar/gcc/8.2.0 --libdir=/usr/local/Cellar/gcc/8.2.0/lib/gcc/8 --enable-languages=c,c++,objc,obj-c++,fortran --program-suffix=-8 --with-gmp=/usr/local/opt/gmp --with-mpfr=/usr/local/opt/mpfr --with-mpc=/usr/local/opt/libmpc --with-isl=/usr/local/opt/isl --with-system-zlib --enable-checking=release --with-pkgversion='Homebrew GCC 8.2.0' --with-bugurl=https://github.com/Homebrew/homebrew-core/issues --disable-nls --disable-multilib --with-native-system-header-dir=/usr/include --with-sysroot=/Library/Developer/CommandLineTools/SDKs/MacOSX.sdk
Thread model: posix
gcc version 8.2.0 (Homebrew GCC 8.2.0) 
Reading specs from /usr/local/Cellar/gcc/8.2.0/lib/gcc/8/gcc/x86_64-apple-darwin18.0.0/8.2.0/../../../libgfortran.spec
rename spec lib to liborig
COLLECT_GCC_OPTIONS='-v' '-isysroot' '/Library/Developer/CommandLineTools/SDKs/MacOSX10.14.sdk' '-o' 'cmTC_915d1' '-mmacosx-version-min=10.14.0' '-asm_macosx_version_min=10.14' '-shared-libgcc' '-mtune=core2'
COMPILER_PATH=/usr/local/Cellar/gcc/8.2.0/libexec/gcc/x86_64-apple-darwin18.0.0/8.2.0/:/usr/local/Cellar/gcc/8.2.0/libexec/gcc/x86_64-apple-darwin18.0.0/8.2.0/:/usr/local/Cellar/gcc/8.2.0/libexec/gcc/x86_64-apple-darwin18.0.0/:/usr/local/Cellar/gcc/8.2.0/lib/gcc/8/gcc/x86_64-apple-darwin18.0.0/8.2.0/:/usr/local/Cellar/gcc/8.2.0/lib/gcc/8/gcc/x86_64-apple-darwin18.0.0/
LIBRARY_PATH=/usr/local/Cellar/gcc/8.2.0/lib/gcc/8/gcc/x86_64-apple-darwin18.0.0/8.2.0/:/usr/local/Cellar/gcc/8.2.0/lib/gcc/8/gcc/x86_64-apple-darwin18.0.0/8.2.0/../../../
COLLECT_GCC_OPTIONS='-v' '-isysroot' '/Library/Developer/CommandLineTools/SDKs/MacOSX10.14.sdk' '-o' 'cmTC_915d1' '-mmacosx-version-min=10.14.0' '-asm_macosx_version_min=10.14' '-shared-libgcc' '-mtune=core2'
 /usr/local/Cellar/gcc/8.2.0/libexec/gcc/x86_64-apple-darwin18.0.0/8.2.0/collect2 -dynamic -arch x86_64 -macosx_version_min 10.14.0 -syslibroot /Library/Developer/CommandLineTools/SDKs/MacOSX10.14.sdk -weak_reference_mismatches non-weak -o cmTC_915d1 -L/usr/local/Cellar/gcc/8.2.0/lib/gcc/8/gcc/x86_64-apple-darwin18.0.0/8.2.0 -L/usr/local/Cellar/gcc/8.2.0/lib/gcc/8/gcc/x86_64-apple-darwin18.0.0/8.2.0/../../.. -v CMakeFiles/cmTC_915d1.dir/CMakeFortranCompilerABI.F.o -lgfortran -no_compact_unwind -lSystem -lgcc_ext.10.5 -lgcc -lquadmath -lm -lgcc_ext.10.5 -lgcc -lSystem -v
collect2 version 8.2.0
/usr/bin/ld -dynamic -arch x86_64 -macosx_version_min 10.14.0 -syslibroot /Library/Developer/CommandLineTools/SDKs/MacOSX10.14.sdk -weak_reference_mismatches non-weak -o cmTC_915d1 -L/usr/local/Cellar/gcc/8.2.0/lib/gcc/8/gcc/x86_64-apple-darwin18.0.0/8.2.0 -L/usr/local/Cellar/gcc/8.2.0/lib/gcc/8/gcc/x86_64-apple-darwin18.0.0/8.2.0/../../.. -v CMakeFiles/cmTC_915d1.dir/CMakeFortranCompilerABI.F.o -lgfortran -no_compact_unwind -lSystem -lgcc_ext.10.5 -lgcc -lquadmath -lm -lgcc_ext.10.5 -lgcc -lSystem -v
@(#)PROGRAM:ld  PROJECT:ld64-450.3
BUILD 18:16:53 Apr  5 2019
configured to support archs: armv6 armv7 armv7s arm64 arm64e arm64_32 i386 x86_64 x86_64h armv6m armv7k armv7m armv7em
@(#)PROGRAM:ld  PROJECT:ld64-450.3
BUILD 18:16:53 Apr  5 2019
configured to support archs: armv6 armv7 armv7s arm64 arm64e arm64_32 i386 x86_64 x86_64h armv6m armv7k armv7m armv7em
Library search paths:
	/usr/local/Cellar/gcc/8.2.0/lib/gcc/8/gcc/x86_64-apple-darwin18.0.0/8.2.0
	/usr/local/Cellar/gcc/8.2.0/lib/gcc/8
	/Library/Developer/CommandLineTools/SDKs/MacOSX10.14.sdk/usr/lib
Framework search paths:
	/Library/Developer/CommandLineTools/SDKs/MacOSX10.14.sdk/System/Library/Frameworks/
 /usr/bin/nm -n CMakeFiles/cmTC_915d1.dir/CMakeFortranCompilerABI.F.o



Parsed Fortran implicit include dir info from above output: rv=done
  found start of include info
  found start of implicit include info
    add: [/usr/local/Cellar/gcc/8.2.0/lib/gcc/8/gcc/x86_64-apple-darwin18.0.0/8.2.0/finclude]
    add: [/usr/local/Cellar/gcc/8.2.0/lib/gcc/8/gcc/x86_64-apple-darwin18.0.0/8.2.0/include]
    add: [/usr/local/Cellar/gcc/8.2.0/lib/gcc/8/gcc/x86_64-apple-darwin18.0.0/8.2.0/include-fixed]
    add: [/Library/Developer/CommandLineTools/SDKs/MacOSX10.14.sdk/usr/include]
  end of search list found
  collapse include dir [/usr/local/Cellar/gcc/8.2.0/lib/gcc/8/gcc/x86_64-apple-darwin18.0.0/8.2.0/finclude] ==> [/usr/local/Cellar/gcc/8.2.0/lib/gcc/8/gcc/x86_64-apple-darwin18.0.0/8.2.0/finclude]
  collapse include dir [/usr/local/Cellar/gcc/8.2.0/lib/gcc/8/gcc/x86_64-apple-darwin18.0.0/8.2.0/include] ==> [/usr/local/Cellar/gcc/8.2.0/lib/gcc/8/gcc/x86_64-apple-darwin18.0.0/8.2.0/include]
  collapse include dir [/usr/local/Cellar/gcc/8.2.0/lib/gcc/8/gcc/x86_64-apple-darwin18.0.0/8.2.0/include-fixed] ==> [/usr/local/Cellar/gcc/8.2.0/lib/gcc/8/gcc/x86_64-apple-darwin18.0.0/8.2.0/include-fixed]
  collapse include dir [/Library/Developer/CommandLineTools/SDKs/MacOSX10.14.sdk/usr/include] ==> [/Library/Developer/CommandLineTools/SDKs/MacOSX10.14.sdk/usr/include]
  implicit include dirs: [/usr/local/Cellar/gcc/8.2.0/lib/gcc/8/gcc/x86_64-apple-darwin18.0.0/8.2.0/finclude;/usr/local/Cellar/gcc/8.2.0/lib/gcc/8/gcc/x86_64-apple-darwin18.0.0/8.2.0/include;/usr/local/Cellar/gcc/8.2.0/lib/gcc/8/gcc/x86_64-apple-darwin18.0.0/8.2.0/include-fixed;/Library/Developer/CommandLineTools/SDKs/MacOSX10.14.sdk/usr/include]


Parsed Fortran implicit link information from above output:
  link line regex: [^( *|.*[/\])(ld|CMAKE_LINK_STARTFILE-NOTFOUND|([^/\]+-)?ld|collect2)[^/\]*( |$)]
  ignore line: [Change Dir: /Users/michaelselby/Documents/DPhil/miektils/paktep/fitpackpp/CMakeFiles/CMakeTmp]
  ignore line: []
  ignore line: [Run Build Command(s):/usr/bin/make cmTC_915d1/fast && /Library/Developer/CommandLineTools/usr/bin/make -f CMakeFiles/cmTC_915d1.dir/build.make CMakeFiles/cmTC_915d1.dir/build]
  ignore line: [Building Fortran object CMakeFiles/cmTC_915d1.dir/CMakeFortranCompilerABI.F.o]
  ignore line: [/usr/local/bin/gfortran   -isysroot /Library/Developer/CommandLineTools/SDKs/MacOSX10.14.sdk   -v -Wl,-v -c /usr/local/Cellar/cmake/3.15.4/share/cmake/Modules/CMakeFortranCompilerABI.F -o CMakeFiles/cmTC_915d1.dir/CMakeFortranCompilerABI.F.o]
  ignore line: [Using built-in specs.]
  ignore line: [COLLECT_GCC=/usr/local/bin/gfortran]
  ignore line: [Target: x86_64-apple-darwin18.0.0]
  ignore line: [Configured with: ../configure --build=x86_64-apple-darwin18.0.0 --prefix=/usr/local/Cellar/gcc/8.2.0 --libdir=/usr/local/Cellar/gcc/8.2.0/lib/gcc/8 --enable-languages=c,c++,objc,obj-c++,fortran --program-suffix=-8 --with-gmp=/usr/local/opt/gmp --with-mpfr=/usr/local/opt/mpfr --with-mpc=/usr/local/opt/libmpc --with-isl=/usr/local/opt/isl --with-system-zlib --enable-checking=release --with-pkgversion='Homebrew GCC 8.2.0' --with-bugurl=https://github.com/Homebrew/homebrew-core/issues --disable-nls --disable-multilib --with-native-system-header-dir=/usr/include --with-sysroot=/Library/Developer/CommandLineTools/SDKs/MacOSX.sdk]
  ignore line: [Thread model: posix]
  ignore line: [gcc version 8.2.0 (Homebrew GCC 8.2.0) ]
  ignore line: [COLLECT_GCC_OPTIONS='-isysroot' '/Library/Developer/CommandLineTools/SDKs/MacOSX10.14.sdk' '-v' '-c' '-o' 'CMakeFiles/cmTC_915d1.dir/CMakeFortranCompilerABI.F.o' '-mmacosx-version-min=10.14.0' '-asm_macosx_version_min=10.14' '-mtune=core2']
  ignore line: [ /usr/local/Cellar/gcc/8.2.0/libexec/gcc/x86_64-apple-darwin18.0.0/8.2.0/f951 /usr/local/Cellar/cmake/3.15.4/share/cmake/Modules/CMakeFortranCompilerABI.F -ffixed-form -cpp=/var/folders/z4/gr99dnn910ndx4f_3lpz4llr0000gp/T//ccVXaqKx.f90 -quiet -v -D__DYNAMIC__ -isysroot /Library/Developer/CommandLineTools/SDKs/MacOSX10.14.sdk /usr/local/Cellar/cmake/3.15.4/share/cmake/Modules/CMakeFortranCompilerABI.F -fPIC -quiet -dumpbase CMakeFortranCompilerABI.F -mmacosx-version-min=10.14.0 -mtune=core2 -auxbase-strip CMakeFiles/cmTC_915d1.dir/CMakeFortranCompilerABI.F.o -version -fintrinsic-modules-path /usr/local/Cellar/gcc/8.2.0/lib/gcc/8/gcc/x86_64-apple-darwin18.0.0/8.2.0/finclude -o /var/folders/z4/gr99dnn910ndx4f_3lpz4llr0000gp/T//cc1H6rc9.s]
  ignore line: [GNU Fortran (Homebrew GCC 8.2.0) version 8.2.0 (x86_64-apple-darwin18.0.0)]
  ignore line: [	compiled by GNU C version 8.2.0, GMP version 6.1.2, MPFR version 4.0.1, MPC version 1.1.0, isl version isl-0.20-GMP]
  ignore line: []
  ignore line: [GGC heuristics: --param ggc-min-expand=100 --param ggc-min-heapsize=131072]
  ignore line: [ignoring nonexistent directory "/Library/Developer/CommandLineTools/SDKs/MacOSX10.14.sdk/usr/local/include"]
  ignore line: [ignoring nonexistent directory "/usr/local/Cellar/gcc/8.2.0/lib/gcc/8/gcc/x86_64-apple-darwin18.0.0/8.2.0/../../../../../../x86_64-apple-darwin18.0.0/include"]
  ignore line: [#include "..." search starts here:]
  ignore line: [#include <...> search starts here:]
  ignore line: [ /usr/local/Cellar/gcc/8.2.0/lib/gcc/8/gcc/x86_64-apple-darwin18.0.0/8.2.0/finclude]
  ignore line: [ /usr/local/Cellar/gcc/8.2.0/lib/gcc/8/gcc/x86_64-apple-darwin18.0.0/8.2.0/include]
  ignore line: [ /usr/local/Cellar/gcc/8.2.0/lib/gcc/8/gcc/x86_64-apple-darwin18.0.0/8.2.0/include-fixed]
  ignore line: [ /Library/Developer/CommandLineTools/SDKs/MacOSX10.14.sdk/usr/include]
  ignore line: [End of search list.]
  ignore line: [GNU Fortran2008 (Homebrew GCC 8.2.0) version 8.2.0 (x86_64-apple-darwin18.0.0)]
  ignore line: [	compiled by GNU C version 8.2.0, GMP version 6.1.2, MPFR version 4.0.1, MPC version 1.1.0, isl version isl-0.20-GMP]
  ignore line: []
  ignore line: [GGC heuristics: --param ggc-min-expand=100 --param ggc-min-heapsize=131072]
  ignore line: [COLLECT_GCC_OPTIONS='-isysroot' '/Library/Developer/CommandLineTools/SDKs/MacOSX10.14.sdk' '-v' '-c' '-o' 'CMakeFiles/cmTC_915d1.dir/CMakeFortranCompilerABI.F.o' '-mmacosx-version-min=10.14.0'  '-mtune=core2']
  ignore line: [ as -arch x86_64 -v -force_cpusubtype_ALL -mmacosx-version-min=10.14 -o CMakeFiles/cmTC_915d1.dir/CMakeFortranCompilerABI.F.o /var/folders/z4/gr99dnn910ndx4f_3lpz4llr0000gp/T//cc1H6rc9.s]
  ignore line: [Apple LLVM version 10.0.1 (clang-1001.0.46.4)]
  ignore line: [Target: x86_64-apple-darwin18.6.0]
  ignore line: [Thread model: posix]
  ignore line: [InstalledDir: /Library/Developer/CommandLineTools/usr/bin]
  ignore line: [ "/Library/Developer/CommandLineTools/usr/bin/clang" -cc1as -triple x86_64-apple-macosx10.14.0 -filetype obj -main-file-name cc1H6rc9.s -target-cpu penryn -fdebug-compilation-dir /Users/michaelselby/Documents/DPhil/miektils/paktep/fitpackpp/CMakeFiles/CMakeTmp -dwarf-debug-producer Apple LLVM version 10.0.1 (clang-1001.0.46.4) -dwarf-version=4 -mrelocation-model pic -o CMakeFiles/cmTC_915d1.dir/CMakeFortranCompilerABI.F.o /var/folders/z4/gr99dnn910ndx4f_3lpz4llr0000gp/T//cc1H6rc9.s]
  ignore line: [COMPILER_PATH=/usr/local/Cellar/gcc/8.2.0/libexec/gcc/x86_64-apple-darwin18.0.0/8.2.0/:/usr/local/Cellar/gcc/8.2.0/libexec/gcc/x86_64-apple-darwin18.0.0/8.2.0/:/usr/local/Cellar/gcc/8.2.0/libexec/gcc/x86_64-apple-darwin18.0.0/:/usr/local/Cellar/gcc/8.2.0/lib/gcc/8/gcc/x86_64-apple-darwin18.0.0/8.2.0/:/usr/local/Cellar/gcc/8.2.0/lib/gcc/8/gcc/x86_64-apple-darwin18.0.0/]
  ignore line: [LIBRARY_PATH=/usr/local/Cellar/gcc/8.2.0/lib/gcc/8/gcc/x86_64-apple-darwin18.0.0/8.2.0/:/usr/local/Cellar/gcc/8.2.0/lib/gcc/8/gcc/x86_64-apple-darwin18.0.0/8.2.0/../../../]
  ignore line: [COLLECT_GCC_OPTIONS='-isysroot' '/Library/Developer/CommandLineTools/SDKs/MacOSX10.14.sdk' '-v' '-c' '-o' 'CMakeFiles/cmTC_915d1.dir/CMakeFortranCompilerABI.F.o' '-mmacosx-version-min=10.14.0'  '-mtune=core2']
  ignore line: [Linking Fortran executable cmTC_915d1]
  ignore line: [/usr/local/Cellar/cmake/3.15.4/bin/cmake -E cmake_link_script CMakeFiles/cmTC_915d1.dir/link.txt --verbose=1]
  ignore line: [/usr/local/bin/gfortran   -v -Wl,-v   -isysroot /Library/Developer/CommandLineTools/SDKs/MacOSX10.14.sdk CMakeFiles/cmTC_915d1.dir/CMakeFortranCompilerABI.F.o  -o cmTC_915d1 ]
  ignore line: [Driving: /usr/local/bin/gfortran -v -Wl,-v -isysroot /Library/Developer/CommandLineTools/SDKs/MacOSX10.14.sdk CMakeFiles/cmTC_915d1.dir/CMakeFortranCompilerABI.F.o -o cmTC_915d1 -mmacosx-version-min=10.14.0 -asm_macosx_version_min=10.14 -l gfortran -shared-libgcc]
  ignore line: [Using built-in specs.]
  ignore line: [COLLECT_GCC=/usr/local/bin/gfortran]
  ignore line: [COLLECT_LTO_WRAPPER=/usr/local/Cellar/gcc/8.2.0/libexec/gcc/x86_64-apple-darwin18.0.0/8.2.0/lto-wrapper]
  ignore line: [Target: x86_64-apple-darwin18.0.0]
  ignore line: [Configured with: ../configure --build=x86_64-apple-darwin18.0.0 --prefix=/usr/local/Cellar/gcc/8.2.0 --libdir=/usr/local/Cellar/gcc/8.2.0/lib/gcc/8 --enable-languages=c,c++,objc,obj-c++,fortran --program-suffix=-8 --with-gmp=/usr/local/opt/gmp --with-mpfr=/usr/local/opt/mpfr --with-mpc=/usr/local/opt/libmpc --with-isl=/usr/local/opt/isl --with-system-zlib --enable-checking=release --with-pkgversion='Homebrew GCC 8.2.0' --with-bugurl=https://github.com/Homebrew/homebrew-core/issues --disable-nls --disable-multilib --with-native-system-header-dir=/usr/include --with-sysroot=/Library/Developer/CommandLineTools/SDKs/MacOSX.sdk]
  ignore line: [Thread model: posix]
  ignore line: [gcc version 8.2.0 (Homebrew GCC 8.2.0) ]
  ignore line: [Reading specs from /usr/local/Cellar/gcc/8.2.0/lib/gcc/8/gcc/x86_64-apple-darwin18.0.0/8.2.0/../../../libgfortran.spec]
  ignore line: [rename spec lib to liborig]
  ignore line: [COLLECT_GCC_OPTIONS='-v' '-isysroot' '/Library/Developer/CommandLineTools/SDKs/MacOSX10.14.sdk' '-o' 'cmTC_915d1' '-mmacosx-version-min=10.14.0' '-asm_macosx_version_min=10.14' '-shared-libgcc' '-mtune=core2']
  ignore line: [COMPILER_PATH=/usr/local/Cellar/gcc/8.2.0/libexec/gcc/x86_64-apple-darwin18.0.0/8.2.0/:/usr/local/Cellar/gcc/8.2.0/libexec/gcc/x86_64-apple-darwin18.0.0/8.2.0/:/usr/local/Cellar/gcc/8.2.0/libexec/gcc/x86_64-apple-darwin18.0.0/:/usr/local/Cellar/gcc/8.2.0/lib/gcc/8/gcc/x86_64-apple-darwin18.0.0/8.2.0/:/usr/local/Cellar/gcc/8.2.0/lib/gcc/8/gcc/x86_64-apple-darwin18.0.0/]
  ignore line: [LIBRARY_PATH=/usr/local/Cellar/gcc/8.2.0/lib/gcc/8/gcc/x86_64-apple-darwin18.0.0/8.2.0/:/usr/local/Cellar/gcc/8.2.0/lib/gcc/8/gcc/x86_64-apple-darwin18.0.0/8.2.0/../../../]
  ignore line: [COLLECT_GCC_OPTIONS='-v' '-isysroot' '/Library/Developer/CommandLineTools/SDKs/MacOSX10.14.sdk' '-o' 'cmTC_915d1' '-mmacosx-version-min=10.14.0' '-asm_macosx_version_min=10.14' '-shared-libgcc' '-mtune=core2']
  link line: [ /usr/local/Cellar/gcc/8.2.0/libexec/gcc/x86_64-apple-darwin18.0.0/8.2.0/collect2 -dynamic -arch x86_64 -macosx_version_min 10.14.0 -syslibroot /Library/Developer/CommandLineTools/SDKs/MacOSX10.14.sdk -weak_reference_mismatches non-weak -o cmTC_915d1 -L/usr/local/Cellar/gcc/8.2.0/lib/gcc/8/gcc/x86_64-apple-darwin18.0.0/8.2.0 -L/usr/local/Cellar/gcc/8.2.0/lib/gcc/8/gcc/x86_64-apple-darwin18.0.0/8.2.0/../../.. -v CMakeFiles/cmTC_915d1.dir/CMakeFortranCompilerABI.F.o -lgfortran -no_compact_unwind -lSystem -lgcc_ext.10.5 -lgcc -lquadmath -lm -lgcc_ext.10.5 -lgcc -lSystem -v]
    arg [/usr/local/Cellar/gcc/8.2.0/libexec/gcc/x86_64-apple-darwin18.0.0/8.2.0/collect2] ==> ignore
    arg [-dynamic] ==> ignore
    arg [-arch] ==> ignore
    arg [x86_64] ==> ignore
    arg [-macosx_version_min] ==> ignore
    arg [10.14.0] ==> ignore
    arg [-syslibroot] ==> ignore
    arg [/Library/Developer/CommandLineTools/SDKs/MacOSX10.14.sdk] ==> ignore
    arg [-weak_reference_mismatches] ==> ignore
    arg [non-weak] ==> ignore
    arg [-o] ==> ignore
    arg [cmTC_915d1] ==> ignore
    arg [-L/usr/local/Cellar/gcc/8.2.0/lib/gcc/8/gcc/x86_64-apple-darwin18.0.0/8.2.0] ==> dir [/usr/local/Cellar/gcc/8.2.0/lib/gcc/8/gcc/x86_64-apple-darwin18.0.0/8.2.0]
    arg [-L/usr/local/Cellar/gcc/8.2.0/lib/gcc/8/gcc/x86_64-apple-darwin18.0.0/8.2.0/../../..] ==> dir [/usr/local/Cellar/gcc/8.2.0/lib/gcc/8/gcc/x86_64-apple-darwin18.0.0/8.2.0/../../..]
    arg [-v] ==> ignore
    arg [CMakeFiles/cmTC_915d1.dir/CMakeFortranCompilerABI.F.o] ==> ignore
    arg [-lgfortran] ==> lib [gfortran]
    arg [-no_compact_unwind] ==> ignore
    arg [-lSystem] ==> lib [System]
    arg [-lgcc_ext.10.5] ==> lib [gcc_ext.10.5]
    arg [-lgcc] ==> lib [gcc]
    arg [-lquadmath] ==> lib [quadmath]
    arg [-lm] ==> lib [m]
    arg [-lgcc_ext.10.5] ==> lib [gcc_ext.10.5]
    arg [-lgcc] ==> lib [gcc]
    arg [-lSystem] ==> lib [System]
    arg [-v] ==> ignore
  Library search paths: [;/usr/local/Cellar/gcc/8.2.0/lib/gcc/8/gcc/x86_64-apple-darwin18.0.0/8.2.0;/usr/local/Cellar/gcc/8.2.0/lib/gcc/8;/Library/Developer/CommandLineTools/SDKs/MacOSX10.14.sdk/usr/lib]
  Framework search paths: [;/Library/Developer/CommandLineTools/SDKs/MacOSX10.14.sdk/System/Library/Frameworks/]
  remove lib [System]
  remove lib [System]
  collapse library dir [/usr/local/Cellar/gcc/8.2.0/lib/gcc/8/gcc/x86_64-apple-darwin18.0.0/8.2.0] ==> [/usr/local/Cellar/gcc/8.2.0/lib/gcc/8/gcc/x86_64-apple-darwin18.0.0/8.2.0]
  collapse library dir [/usr/local/Cellar/gcc/8.2.0/lib/gcc/8/gcc/x86_64-apple-darwin18.0.0/8.2.0/../../..] ==> [/usr/local/Cellar/gcc/8.2.0/lib/gcc/8]
  collapse library dir [/usr/local/Cellar/gcc/8.2.0/lib/gcc/8/gcc/x86_64-apple-darwin18.0.0/8.2.0] ==> [/usr/local/Cellar/gcc/8.2.0/lib/gcc/8/gcc/x86_64-apple-darwin18.0.0/8.2.0]
  collapse library dir [/usr/local/Cellar/gcc/8.2.0/lib/gcc/8] ==> [/usr/local/Cellar/gcc/8.2.0/lib/gcc/8]
  collapse library dir [/Library/Developer/CommandLineTools/SDKs/MacOSX10.14.sdk/usr/lib] ==> [/Library/Developer/CommandLineTools/SDKs/MacOSX10.14.sdk/usr/lib]
  collapse framework dir [/Library/Developer/CommandLineTools/SDKs/MacOSX10.14.sdk/System/Library/Frameworks/] ==> [/Library/Developer/CommandLineTools/SDKs/MacOSX10.14.sdk/System/Library/Frameworks]
  implicit libs: [gfortran;gcc_ext.10.5;gcc;quadmath;m;gcc_ext.10.5;gcc]
  implicit dirs: [/usr/local/Cellar/gcc/8.2.0/lib/gcc/8/gcc/x86_64-apple-darwin18.0.0/8.2.0;/usr/local/Cellar/gcc/8.2.0/lib/gcc/8;/Library/Developer/CommandLineTools/SDKs/MacOSX10.14.sdk/usr/lib]
  implicit fwks: [/Library/Developer/CommandLineTools/SDKs/MacOSX10.14.sdk/System/Library/Frameworks]


Determining if the Fortran compiler supports Fortran 90 passed with the following output:
Change Dir: /Users/michaelselby/Documents/DPhil/miektils/paktep/fitpackpp/CMakeFiles/CMakeTmp

Run Build Command(s):/usr/bin/make cmTC_79187/fast && /Library/Developer/CommandLineTools/usr/bin/make -f CMakeFiles/cmTC_79187.dir/build.make CMakeFiles/cmTC_79187.dir/build
Building Fortran object CMakeFiles/cmTC_79187.dir/testFortranCompilerF90.f90.o
/usr/local/bin/gfortran   -isysroot /Library/Developer/CommandLineTools/SDKs/MacOSX10.14.sdk   -c /Users/michaelselby/Documents/DPhil/miektils/paktep/fitpackpp/CMakeFiles/CMakeTmp/testFortranCompilerF90.f90 -o CMakeFiles/cmTC_79187.dir/testFortranCompilerF90.f90.o
Linking Fortran executable cmTC_79187
/usr/local/Cellar/cmake/3.15.4/bin/cmake -E cmake_link_script CMakeFiles/cmTC_79187.dir/link.txt --verbose=1
/usr/local/bin/gfortran      -isysroot /Library/Developer/CommandLineTools/SDKs/MacOSX10.14.sdk CMakeFiles/cmTC_79187.dir/testFortranCompilerF90.f90.o  -o cmTC_79187 



Verifying Fortran/CXX Compiler Compatibility passed with the following output:
Change Dir: /Users/michaelselby/Documents/DPhil/miektils/paktep/fitpackpp/CMakeFiles/FortranCInterface/VerifyCXX

Run Build Command(s):/usr/bin/make VerifyFortranC && /usr/local/Cellar/cmake/3.15.4/bin/cmake -S/usr/local/Cellar/cmake/3.15.4/share/cmake/Modules/FortranCInterface/Verify -B/Users/michaelselby/Documents/DPhil/miektils/paktep/fitpackpp/CMakeFiles/FortranCInterface/VerifyCXX --check-build-system CMakeFiles/Makefile.cmake 0
/Library/Developer/CommandLineTools/usr/bin/make -f CMakeFiles/Makefile2 VerifyFortranC
/usr/local/Cellar/cmake/3.15.4/bin/cmake -S/usr/local/Cellar/cmake/3.15.4/share/cmake/Modules/FortranCInterface/Verify -B/Users/michaelselby/Documents/DPhil/miektils/paktep/fitpackpp/CMakeFiles/FortranCInterface/VerifyCXX --check-build-system CMakeFiles/Makefile.cmake 0
/usr/local/Cellar/cmake/3.15.4/bin/cmake -E cmake_progress_start /Users/michaelselby/Documents/DPhil/miektils/paktep/fitpackpp/CMakeFiles/FortranCInterface/VerifyCXX/CMakeFiles 6
/Library/Developer/CommandLineTools/usr/bin/make -f CMakeFiles/Makefile2 CMakeFiles/VerifyFortranC.dir/all
/Library/Developer/CommandLineTools/usr/bin/make -f CMakeFiles/VerifyFortran.dir/build.make CMakeFiles/VerifyFortran.dir/depend
cd /Users/michaelselby/Documents/DPhil/miektils/paktep/fitpackpp/CMakeFiles/FortranCInterface/VerifyCXX && /usr/local/Cellar/cmake/3.15.4/bin/cmake -E cmake_depends "Unix Makefiles" /usr/local/Cellar/cmake/3.15.4/share/cmake/Modules/FortranCInterface/Verify /usr/local/Cellar/cmake/3.15.4/share/cmake/Modules/FortranCInterface/Verify /Users/michaelselby/Documents/DPhil/miektils/paktep/fitpackpp/CMakeFiles/FortranCInterface/VerifyCXX /Users/michaelselby/Documents/DPhil/miektils/paktep/fitpackpp/CMakeFiles/FortranCInterface/VerifyCXX /Users/michaelselby/Documents/DPhil/miektils/paktep/fitpackpp/CMakeFiles/FortranCInterface/VerifyCXX/CMakeFiles/VerifyFortran.dir/DependInfo.cmake
Scanning dependencies of target VerifyFortran
/Library/Developer/CommandLineTools/usr/bin/make -f CMakeFiles/VerifyFortran.dir/build.make CMakeFiles/VerifyFortran.dir/build
[ 16%] Building Fortran object CMakeFiles/VerifyFortran.dir/VerifyFortran.f.o
/usr/local/bin/gfortran -DVERIFY_CXX -I/Users/michaelselby/Documents/DPhil/miektils/paktep/fitpackpp/CMakeFiles/FortranCInterface/VerifyCXX  -O3 -DNDEBUG -O3 -isysroot /Library/Developer/CommandLineTools/SDKs/MacOSX10.14.sdk   -c /usr/local/Cellar/cmake/3.15.4/share/cmake/Modules/FortranCInterface/Verify/VerifyFortran.f -o CMakeFiles/VerifyFortran.dir/VerifyFortran.f.o
[ 33%] Linking Fortran static library libVerifyFortran.a
/usr/local/Cellar/cmake/3.15.4/bin/cmake -P CMakeFiles/VerifyFortran.dir/cmake_clean_target.cmake
/usr/local/Cellar/cmake/3.15.4/bin/cmake -E cmake_link_script CMakeFiles/VerifyFortran.dir/link.txt --verbose=1
/Library/Developer/CommandLineTools/usr/bin/ar qc libVerifyFortran.a  CMakeFiles/VerifyFortran.dir/VerifyFortran.f.o
/Library/Developer/CommandLineTools/usr/bin/ranlib libVerifyFortran.a
[ 33%] Built target VerifyFortran
/Library/Developer/CommandLineTools/usr/bin/make -f CMakeFiles/VerifyFortranC.dir/build.make CMakeFiles/VerifyFortranC.dir/depend
cd /Users/michaelselby/Documents/DPhil/miektils/paktep/fitpackpp/CMakeFiles/FortranCInterface/VerifyCXX && /usr/local/Cellar/cmake/3.15.4/bin/cmake -E cmake_depends "Unix Makefiles" /usr/local/Cellar/cmake/3.15.4/share/cmake/Modules/FortranCInterface/Verify /usr/local/Cellar/cmake/3.15.4/share/cmake/Modules/FortranCInterface/Verify /Users/michaelselby/Documents/DPhil/miektils/paktep/fitpackpp/CMakeFiles/FortranCInterface/VerifyCXX /Users/michaelselby/Documents/DPhil/miektils/paktep/fitpackpp/CMakeFiles/FortranCInterface/VerifyCXX /Users/michaelselby/Documents/DPhil/miektils/paktep/fitpackpp/CMakeFiles/FortranCInterface/VerifyCXX/CMakeFiles/VerifyFortranC.dir/DependInfo.cmake
Scanning dependencies of target VerifyFortranC
/Library/Developer/CommandLineTools/usr/bin/make -f CMakeFiles/VerifyFortranC.dir/build.make CMakeFiles/VerifyFortranC.dir/build
[ 50%] Building C object CMakeFiles/VerifyFortranC.dir/main.c.o
/Library/Developer/CommandLineTools/usr/bin/cc -DVERIFY_CXX -I/Users/michaelselby/Documents/DPhil/miektils/paktep/fitpackpp/CMakeFiles/FortranCInterface/VerifyCXX  -O3 -DNDEBUG -isysroot /Library/Developer/CommandLineTools/SDKs/MacOSX10.14.sdk   -o CMakeFiles/VerifyFortranC.dir/main.c.o   -c /usr/local/Cellar/cmake/3.15.4/share/cmake/Modules/FortranCInterface/Verify/main.c
[ 66%] Building C object CMakeFiles/VerifyFortranC.dir/VerifyC.c.o
/Library/Developer/CommandLineTools/usr/bin/cc -DVERIFY_CXX -I/Users/michaelselby/Documents/DPhil/miektils/paktep/fitpackpp/CMakeFiles/FortranCInterface/VerifyCXX  -O3 -DNDEBUG -isysroot /Library/Developer/CommandLineTools/SDKs/MacOSX10.14.sdk   -o CMakeFiles/VerifyFortranC.dir/VerifyC.c.o   -c /usr/local/Cellar/cmake/3.15.4/share/cmake/Modules/FortranCInterface/Verify/VerifyC.c
[ 83%] Building CXX object CMakeFiles/VerifyFortranC.dir/VerifyCXX.cxx.o
/Library/Developer/CommandLineTools/usr/bin/c++  -DVERIFY_CXX -I/Users/michaelselby/Documents/DPhil/miektils/paktep/fitpackpp/CMakeFiles/FortranCInterface/VerifyCXX  -O3 -DNDEBUG -isysroot /Library/Developer/CommandLineTools/SDKs/MacOSX10.14.sdk   -o CMakeFiles/VerifyFortranC.dir/VerifyCXX.cxx.o -c /usr/local/Cellar/cmake/3.15.4/share/cmake/Modules/FortranCInterface/Verify/VerifyCXX.cxx
[100%] Linking CXX executable VerifyFortranC
/usr/local/Cellar/cmake/3.15.4/bin/cmake -E cmake_link_script CMakeFiles/VerifyFortranC.dir/link.txt --verbose=1
/Library/Developer/CommandLineTools/usr/bin/c++  -O3 -DNDEBUG -isysroot /Library/Developer/CommandLineTools/SDKs/MacOSX10.14.sdk -Wl,-search_paths_first -Wl,-headerpad_max_install_names  CMakeFiles/VerifyFortranC.dir/main.c.o CMakeFiles/VerifyFortranC.dir/VerifyC.c.o CMakeFiles/VerifyFortranC.dir/VerifyCXX.cxx.o  -o VerifyFortranC  -L/usr/local/Cellar/gcc/8.2.0/lib/gcc/8/gcc/x86_64-apple-darwin18.0.0/8.2.0  -L/usr/local/Cellar/gcc/8.2.0/lib/gcc/8 libVerifyFortran.a -lgfortran -lgcc_ext.10.5 -lgcc -lquadmath -lm -lgcc_ext.10.5 -lgcc 
[100%] Built target VerifyFortranC
/usr/local/Cellar/cmake/3.15.4/bin/cmake -E cmake_progress_start /Users/michaelselby/Documents/DPhil/miektils/paktep/fitpackpp/CMakeFiles/FortranCInterface/VerifyCXX/CMakeFiles 0



